\BOOKMARK [1][-]{TitlePage.1}{EXTENDIBLE MULTI-DIMENSIONAL SPARSE ARRAY REPRESENTATIONS}{}% 1
\BOOKMARK [0][-]{section*.1}{Declaration}{}% 2
\BOOKMARK [0][-]{section*.2}{Abstract}{}% 3
\BOOKMARK [0][-]{section*.3}{Acknowledgements}{}% 4
\BOOKMARK [0][-]{section*.4}{Contents}{}% 5
\BOOKMARK [0][-]{chapter.1}{1 \040Introduction}{}% 6
\BOOKMARK [1][-]{section.1.1}{1.1 Problem Motivation}{chapter.1}% 7
\BOOKMARK [1][-]{section.1.2}{1.2 Problem Statement}{chapter.1}% 8
\BOOKMARK [1][-]{section.1.3}{1.3 Significance}{chapter.1}% 9
\BOOKMARK [1][-]{section.1.4}{1.4 Application}{chapter.1}% 10
\BOOKMARK [1][-]{section.1.5}{1.5 Early Results from Literature}{chapter.1}% 11
\BOOKMARK [1][-]{section.1.6}{1.6 Contribution to Field}{chapter.1}% 12
\BOOKMARK [1][-]{section.1.7}{1.7 Challenges}{chapter.1}% 13
\BOOKMARK [2][-]{subsection.1.7.1}{1.7.1 "this is not research, this is what any competent engineer knows/can do/can find out."}{section.1.7}% 14
\BOOKMARK [2][-]{subsection.1.7.2}{1.7.2 "this is not an important topic to be working on"}{section.1.7}% 15
\BOOKMARK [1][-]{section.1.8}{1.8 Organisation of the Proposal}{chapter.1}% 16
\BOOKMARK [0][-]{chapter.2}{2 \040Background}{}% 17
\BOOKMARK [1][-]{section.2.1}{2.1 Data Warehousing}{chapter.2}% 18
\BOOKMARK [1][-]{section.2.2}{2.2 Early Results}{chapter.2}% 19
\BOOKMARK [1][-]{section.2.3}{2.3 Result Differentiation}{chapter.2}% 20
\BOOKMARK [1][-]{section.2.4}{2.4 Methodologies}{chapter.2}% 21
\BOOKMARK [1][-]{section.2.5}{2.5 Sparse Array Representations}{chapter.2}% 22
\BOOKMARK [1][-]{section.2.6}{2.6 Dynamic Sparse Arrays}{chapter.2}% 23
\BOOKMARK [1][-]{section.2.7}{2.7 Big Data Warehouse}{chapter.2}% 24
\BOOKMARK [1][-]{section.2.8}{2.8 Big Data Representations}{chapter.2}% 25
\BOOKMARK [1][-]{section.2.9}{2.9 TileDB storage manager}{chapter.2}% 26
\BOOKMARK [1][-]{section.2.10}{2.10 FGPAs}{chapter.2}% 27
\BOOKMARK [1][-]{section.2.11}{2.11 Impact}{chapter.2}% 28
\BOOKMARK [1][-]{section.2.12}{2.12 New Results}{chapter.2}% 29
\BOOKMARK [0][-]{chapter.3}{3 \040Methodology}{}% 30
\BOOKMARK [1][-]{section.3.1}{3.1 Extendible Multi-Dimensional Sparse Arrays}{chapter.3}% 31
\BOOKMARK [2][-]{subsection.3.1.1}{3.1.1 Multi-Dimensional Sparse Array Representation}{section.3.1}% 32
\BOOKMARK [2][-]{subsection.3.1.2}{3.1.2 Extendible Multi-Dimensional Array Representation}{section.3.1}% 33
\BOOKMARK [2][-]{subsection.3.1.3}{3.1.3 Extendible Multi-Dimensional Sparse Array Representation}{section.3.1}% 34
\BOOKMARK [0][-]{chapter.4}{4 \040Experimental Setup}{}% 35
\BOOKMARK [1][-]{section.4.1}{4.1 Computational Environment}{chapter.4}% 36
\BOOKMARK [2][-]{subsection.4.1.1}{4.1.1 Experimental Environment}{section.4.1}% 37
\BOOKMARK [2][-]{subsection.4.1.2}{4.1.2 Computational Model}{section.4.1}% 38
\BOOKMARK [2][-]{subsection.4.1.3}{4.1.3 Software}{section.4.1}% 39
\BOOKMARK [1][-]{section.4.2}{4.2 Experimental Data}{chapter.4}% 40
\BOOKMARK [1][-]{section.4.3}{4.3 Software Engineering Practice}{chapter.4}% 41
\BOOKMARK [0][-]{chapter.5}{5 \040Preliminary Results}{}% 42
\BOOKMARK [0][-]{chapter.6}{6 \040Future Work}{}% 43
\BOOKMARK [0][-]{chapter.7}{7 \040Validation of Results}{}% 44
\BOOKMARK [0][-]{chapter.8}{8 \040Risk Management}{}% 45
\BOOKMARK [0][-]{chapter.9}{9 \040Schedule and Time-Line for Completion}{}% 46
\BOOKMARK [0][-]{chapter.10}{10 \040Summary}{}% 47
